[2020-10-22 14:39:11] local.ERROR: SQLSTATE[3D000]: Invalid catalog name: 1046 No database selected (SQL: create table `migrations` (`id` int unsigned not null auto_increment primary key, `migration` varchar(191) not null, `batch` int not null) default character set utf8 collate 'utf8_unicode_ci') {"exception":"[object] (Illuminate\\Database\\QueryException(code: 3D000): SQLSTATE[3D000]: Invalid catalog name: 1046 No database selected (SQL: create table `migrations` (`id` int unsigned not null auto_increment primary key, `migration` varchar(191) not null, `batch` int not null) default character set utf8 collate 'utf8_unicode_ci') at D:\\Freelancer\\LAravel Ionic Fish\\LaravelWebsite&AdminCode\\website_adminpanel\\vendor\\laravel\\framework\\src\\Illuminate\\Database\\Connection.php:665)
[stacktrace]
#0 D:\\Freelancer\\LAravel Ionic Fish\\LaravelWebsite&AdminCode\\website_adminpanel\\vendor\\laravel\\framework\\src\\Illuminate\\Database\\Connection.php(625): Illuminate\\Database\\Connection->runQueryCallback('create table `m...', Array, Object(Closure))
#1 D:\\Freelancer\\LAravel Ionic Fish\\LaravelWebsite&AdminCode\\website_adminpanel\\vendor\\laravel\\framework\\src\\Illuminate\\Database\\Connection.php(460): Illuminate\\Database\\Connection->run('create table `m...', Array, Object(Closure))
#2 D:\\Freelancer\\LAravel Ionic Fish\\LaravelWebsite&AdminCode\\website_adminpanel\\vendor\\laravel\\framework\\src\\Illuminate\\Database\\Schema\\Blueprint.php(97): Illuminate\\Database\\Connection->statement('create table `m...')
#3 D:\\Freelancer\\LAravel Ionic Fish\\LaravelWebsite&AdminCode\\website_adminpanel\\vendor\\laravel\\framework\\src\\Illuminate\\Database\\Schema\\Builder.php(290): Illuminate\\Database\\Schema\\Blueprint->build(Object(Illuminate\\Database\\MySqlConnection), Object(Illuminate\\Database\\Schema\\Grammars\\MySqlGrammar))
#4 D:\\Freelancer\\LAravel Ionic Fish\\LaravelWebsite&AdminCode\\website_adminpanel\\vendor\\laravel\\framework\\src\\Illuminate\\Database\\Schema\\Builder.php(167): Illuminate\\Database\\Schema\\Builder->build(Object(Illuminate\\Database\\Schema\\Blueprint))
#5 D:\\Freelancer\\LAravel Ionic Fish\\LaravelWebsite&AdminCode\\website_adminpanel\\vendor\\laravel\\framework\\src\\Illuminate\\Database\\Migrations\\DatabaseMigrationRepository.php(157): Illuminate\\Database\\Schema\\Builder->create('migrations', Object(Closure))
#6 D:\\Freelancer\\LAravel Ionic Fish\\LaravelWebsite&AdminCode\\website_adminpanel\\vendor\\laravel\\framework\\src\\Illuminate\\Database\\Console\\Migrations\\InstallCommand.php(54): Illuminate\\Database\\Migrations\\DatabaseMigrationRepository->createRepository()
#7 [internal function]: Illuminate\\Database\\Console\\Migrations\\InstallCommand->handle()
#8 D:\\Freelancer\\LAravel Ionic Fish\\LaravelWebsite&AdminCode\\website_adminpanel\\vendor\\laravel\\framework\\src\\Illuminate\\Container\\BoundMethod.php(32): call_user_func_array(Array, Array)
#9 D:\\Freelancer\\LAravel Ionic Fish\\LaravelWebsite&AdminCode\\website_adminpanel\\vendor\\laravel\\framework\\src\\Illuminate\\Container\\BoundMethod.php(90): Illuminate\\Container\\BoundMethod::Illuminate\\Container\\{closure}()
#10 D:\\Freelancer\\LAravel Ionic Fish\\LaravelWebsite&AdminCode\\website_adminpanel\\vendor\\laravel\\framework\\src\\Illuminate\\Container\\BoundMethod.php(34): Illuminate\\Container\\BoundMethod::callBoundMethod(Object(Illuminate\\Foundation\\Application), Array, Object(Closure))
#11 D:\\Freelancer\\LAravel Ionic Fish\\LaravelWebsite&AdminCode\\website_adminpanel\\vendor\\laravel\\framework\\src\\Illuminate\\Container\\Container.php(591): Illuminate\\Container\\BoundMethod::call(Object(Illuminate\\Foundation\\Application), Array, Array, NULL)
#12 D:\\Freelancer\\LAravel Ionic Fish\\LaravelWebsite&AdminCode\\website_adminpanel\\vendor\\laravel\\framework\\src\\Illuminate\\Console\\Command.php(192): Illuminate\\Container\\Container->call(Array)
#13 D:\\Freelancer\\LAravel Ionic Fish\\LaravelWebsite&AdminCode\\website_adminpanel\\vendor\\symfony\\console\\Command\\Command.php(255): Illuminate\\Console\\Command->execute(Object(Symfony\\Component\\Console\\Input\\ArrayInput), Object(Illuminate\\Console\\OutputStyle))
#14 D:\\Freelancer\\LAravel Ionic Fish\\LaravelWebsite&AdminCode\\website_adminpanel\\vendor\\laravel\\framework\\src\\Illuminate\\Console\\Command.php(179): Symfony\\Component\\Console\\Command\\Command->run(Object(Symfony\\Component\\Console\\Input\\ArrayInput), Object(Illuminate\\Console\\OutputStyle))
#15 D:\\Freelancer\\LAravel Ionic Fish\\LaravelWebsite&AdminCode\\website_adminpanel\\vendor\\laravel\\framework\\src\\Illuminate\\Console\\Command.php(232): Illuminate\\Console\\Command->run(Object(Symfony\\Component\\Console\\Input\\ArrayInput), Object(Illuminate\\Console\\OutputStyle))
#16 D:\\Freelancer\\LAravel Ionic Fish\\LaravelWebsite&AdminCode\\website_adminpanel\\vendor\\laravel\\framework\\src\\Illuminate\\Console\\Command.php(204): Illuminate\\Console\\Command->runCommand('migrate:install', Array, Object(Illuminate\\Console\\OutputStyle))
#17 D:\\Freelancer\\LAravel Ionic Fish\\LaravelWebsite&AdminCode\\website_adminpanel\\vendor\\laravel\\framework\\src\\Illuminate\\Database\\Console\\Migrations\\MigrateCommand.php(93): Illuminate\\Console\\Command->call('migrate:install', Array)
#18 D:\\Freelancer\\LAravel Ionic Fish\\LaravelWebsite&AdminCode\\website_adminpanel\\vendor\\laravel\\framework\\src\\Illuminate\\Database\\Console\\Migrations\\MigrateCommand.php(63): Illuminate\\Database\\Console\\Migrations\\MigrateCommand->prepareDatabase()
#19 [internal function]: Illuminate\\Database\\Console\\Migrations\\MigrateCommand->handle()
#20 D:\\Freelancer\\LAravel Ionic Fish\\LaravelWebsite&AdminCode\\website_adminpanel\\vendor\\laravel\\framework\\src\\Illuminate\\Container\\BoundMethod.php(32): call_user_func_array(Array, Array)
#21 D:\\Freelancer\\LAravel Ionic Fish\\LaravelWebsite&AdminCode\\website_adminpanel\\vendor\\laravel\\framework\\src\\Illuminate\\Container\\BoundMethod.php(90): Illuminate\\Container\\BoundMethod::Illuminate\\Container\\{closure}()
#22 D:\\Freelancer\\LAravel Ionic Fish\\LaravelWebsite&AdminCode\\website_adminpanel\\vendor\\laravel\\framework\\src\\Illuminate\\Container\\BoundMethod.php(34): Illuminate\\Container\\BoundMethod::callBoundMethod(Object(Illuminate\\Foundation\\Application), Array, Object(Closure))
#23 D:\\Freelancer\\LAravel Ionic Fish\\LaravelWebsite&AdminCode\\website_adminpanel\\vendor\\laravel\\framework\\src\\Illuminate\\Container\\Container.php(591): Illuminate\\Container\\BoundMethod::call(Object(Illuminate\\Foundation\\Application), Array, Array, NULL)
#24 D:\\Freelancer\\LAravel Ionic Fish\\LaravelWebsite&AdminCode\\website_adminpanel\\vendor\\laravel\\framework\\src\\Illuminate\\Console\\Command.php(192): Illuminate\\Container\\Container->call(Array)
#25 D:\\Freelancer\\LAravel Ionic Fish\\LaravelWebsite&AdminCode\\website_adminpanel\\vendor\\symfony\\console\\Command\\Command.php(255): Illuminate\\Console\\Command->execute(Object(Symfony\\Component\\Console\\Input\\ArgvInput), Object(Illuminate\\Console\\OutputStyle))
#26 D:\\Freelancer\\LAravel Ionic Fish\\LaravelWebsite&AdminCode\\website_adminpanel\\vendor\\laravel\\framework\\src\\Illuminate\\Console\\Command.php(179): Symfony\\Component\\Console\\Command\\Command->run(Object(Symfony\\Component\\Console\\Input\\ArgvInput), Object(Illuminate\\Console\\OutputStyle))
#27 D:\\Freelancer\\LAravel Ionic Fish\\LaravelWebsite&AdminCode\\website_adminpanel\\vendor\\symfony\\console\\Application.php(1000): Illuminate\\Console\\Command->run(Object(Symfony\\Component\\Console\\Input\\ArgvInput), Object(Symfony\\Component\\Console\\Output\\ConsoleOutput))
#28 D:\\Freelancer\\LAravel Ionic Fish\\LaravelWebsite&AdminCode\\website_adminpanel\\vendor\\symfony\\console\\Application.php(271): Symfony\\Component\\Console\\Application->doRunCommand(Object(Illuminate\\Database\\Console\\Migrations\\MigrateCommand), Object(Symfony\\Component\\Console\\Input\\ArgvInput), Object(Symfony\\Component\\Console\\Output\\ConsoleOutput))
#29 D:\\Freelancer\\LAravel Ionic Fish\\LaravelWebsite&AdminCode\\website_adminpanel\\vendor\\symfony\\console\\Application.php(147): Symfony\\Component\\Console\\Application->doRun(Object(Symfony\\Component\\Console\\Input\\ArgvInput), Object(Symfony\\Component\\Console\\Output\\ConsoleOutput))
#30 D:\\Freelancer\\LAravel Ionic Fish\\LaravelWebsite&AdminCode\\website_adminpanel\\vendor\\laravel\\framework\\src\\Illuminate\\Console\\Application.php(90): Symfony\\Component\\Console\\Application->run(Object(Symfony\\Component\\Console\\Input\\ArgvInput), Object(Symfony\\Component\\Console\\Output\\ConsoleOutput))
#31 D:\\Freelancer\\LAravel Ionic Fish\\LaravelWebsite&AdminCode\\website_adminpanel\\vendor\\laravel\\framework\\src\\Illuminate\\Foundation\\Console\\Kernel.php(131): Illuminate\\Console\\Application->run(Object(Symfony\\Component\\Console\\Input\\ArgvInput), Object(Symfony\\Component\\Console\\Output\\ConsoleOutput))
#32 D:\\Freelancer\\LAravel Ionic Fish\\LaravelWebsite&AdminCode\\website_adminpanel\\artisan(37): Illuminate\\Foundation\\Console\\Kernel->handle(Object(Symfony\\Component\\Console\\Input\\ArgvInput), Object(Symfony\\Component\\Console\\Output\\ConsoleOutput))
#33 {main}

[previous exception] [object] (Doctrine\\DBAL\\Driver\\PDOException(code: 3D000): SQLSTATE[3D000]: Invalid catalog name: 1046 No database selected at D:\\Freelancer\\LAravel Ionic Fish\\LaravelWebsite&AdminCode\\website_adminpanel\\vendor\\doctrine\\dbal\\lib\\Doctrine\\DBAL\\Driver\\PDOConnection.php:66)
[stacktrace]
#0 D:\\Freelancer\\LAravel Ionic Fish\\LaravelWebsite&AdminCode\\website_adminpanel\\vendor\\laravel\\framework\\src\\Illuminate\\Database\\Connection.php(453): Doctrine\\DBAL\\Driver\\PDOConnection->prepare('create table `m...')
#1 D:\\Freelancer\\LAravel Ionic Fish\\LaravelWebsite&AdminCode\\website_adminpanel\\vendor\\laravel\\framework\\src\\Illuminate\\Database\\Connection.php(658): Illuminate\\Database\\Connection->Illuminate\\Database\\{closure}('create table `m...', Array)
#2 D:\\Freelancer\\LAravel Ionic Fish\\LaravelWebsite&AdminCode\\website_adminpanel\\vendor\\laravel\\framework\\src\\Illuminate\\Database\\Connection.php(625): Illuminate\\Database\\Connection->runQueryCallback('create table `m...', Array, Object(Closure))
#3 D:\\Freelancer\\LAravel Ionic Fish\\LaravelWebsite&AdminCode\\website_adminpanel\\vendor\\laravel\\framework\\src\\Illuminate\\Database\\Connection.php(460): Illuminate\\Database\\Connection->run('create table `m...', Array, Object(Closure))
#4 D:\\Freelancer\\LAravel Ionic Fish\\LaravelWebsite&AdminCode\\website_adminpanel\\vendor\\laravel\\framework\\src\\Illuminate\\Database\\Schema\\Blueprint.php(97): Illuminate\\Database\\Connection->statement('create table `m...')
#5 D:\\Freelancer\\LAravel Ionic Fish\\LaravelWebsite&AdminCode\\website_adminpanel\\vendor\\laravel\\framework\\src\\Illuminate\\Database\\Schema\\Builder.php(290): Illuminate\\Database\\Schema\\Blueprint->build(Object(Illuminate\\Database\\MySqlConnection), Object(Illuminate\\Database\\Schema\\Grammars\\MySqlGrammar))
#6 D:\\Freelancer\\LAravel Ionic Fish\\LaravelWebsite&AdminCode\\website_adminpanel\\vendor\\laravel\\framework\\src\\Illuminate\\Database\\Schema\\Builder.php(167): Illuminate\\Database\\Schema\\Builder->build(Object(Illuminate\\Database\\Schema\\Blueprint))
#7 D:\\Freelancer\\LAravel Ionic Fish\\LaravelWebsite&AdminCode\\website_adminpanel\\vendor\\laravel\\framework\\src\\Illuminate\\Database\\Migrations\\DatabaseMigrationRepository.php(157): Illuminate\\Database\\Schema\\Builder->create('migrations', Object(Closure))
#8 D:\\Freelancer\\LAravel Ionic Fish\\LaravelWebsite&AdminCode\\website_adminpanel\\vendor\\laravel\\framework\\src\\Illuminate\\Database\\Console\\Migrations\\InstallCommand.php(54): Illuminate\\Database\\Migrations\\DatabaseMigrationRepository->createRepository()
#9 [internal function]: Illuminate\\Database\\Console\\Migrations\\InstallCommand->handle()
#10 D:\\Freelancer\\LAravel Ionic Fish\\LaravelWebsite&AdminCode\\website_adminpanel\\vendor\\laravel\\framework\\src\\Illuminate\\Container\\BoundMethod.php(32): call_user_func_array(Array, Array)
#11 D:\\Freelancer\\LAravel Ionic Fish\\LaravelWebsite&AdminCode\\website_adminpanel\\vendor\\laravel\\framework\\src\\Illuminate\\Container\\BoundMethod.php(90): Illuminate\\Container\\BoundMethod::Illuminate\\Container\\{closure}()
#12 D:\\Freelancer\\LAravel Ionic Fish\\LaravelWebsite&AdminCode\\website_adminpanel\\vendor\\laravel\\framework\\src\\Illuminate\\Container\\BoundMethod.php(34): Illuminate\\Container\\BoundMethod::callBoundMethod(Object(Illuminate\\Foundation\\Application), Array, Object(Closure))
#13 D:\\Freelancer\\LAravel Ionic Fish\\LaravelWebsite&AdminCode\\website_adminpanel\\vendor\\laravel\\framework\\src\\Illuminate\\Container\\Container.php(591): Illuminate\\Container\\BoundMethod::call(Object(Illuminate\\Foundation\\Application), Array, Array, NULL)
#14 D:\\Freelancer\\LAravel Ionic Fish\\LaravelWebsite&AdminCode\\website_adminpanel\\vendor\\laravel\\framework\\src\\Illuminate\\Console\\Command.php(192): Illuminate\\Container\\Container->call(Array)
#15 D:\\Freelancer\\LAravel Ionic Fish\\LaravelWebsite&AdminCode\\website_adminpanel\\vendor\\symfony\\console\\Command\\Command.php(255): Illuminate\\Console\\Command->execute(Object(Symfony\\Component\\Console\\Input\\ArrayInput), Object(Illuminate\\Console\\OutputStyle))
#16 D:\\Freelancer\\LAravel Ionic Fish\\LaravelWebsite&AdminCode\\website_adminpanel\\vendor\\laravel\\framework\\src\\Illuminate\\Console\\Command.php(179): Symfony\\Component\\Console\\Command\\Command->run(Object(Symfony\\Component\\Console\\Input\\ArrayInput), Object(Illuminate\\Console\\OutputStyle))
#17 D:\\Freelancer\\LAravel Ionic Fish\\LaravelWebsite&AdminCode\\website_adminpanel\\vendor\\laravel\\framework\\src\\Illuminate\\Console\\Command.php(232): Illuminate\\Console\\Command->run(Object(Symfony\\Component\\Console\\Input\\ArrayInput), Object(Illuminate\\Console\\OutputStyle))
#18 D:\\Freelancer\\LAravel Ionic Fish\\LaravelWebsite&AdminCode\\website_adminpanel\\vendor\\laravel\\framework\\src\\Illuminate\\Console\\Command.php(204): Illuminate\\Console\\Command->runCommand('migrate:install', Array, Object(Illuminate\\Console\\OutputStyle))
#19 D:\\Freelancer\\LAravel Ionic Fish\\LaravelWebsite&AdminCode\\website_adminpanel\\vendor\\laravel\\framework\\src\\Illuminate\\Database\\Console\\Migrations\\MigrateCommand.php(93): Illuminate\\Console\\Command->call('migrate:install', Array)
#20 D:\\Freelancer\\LAravel Ionic Fish\\LaravelWebsite&AdminCode\\website_adminpanel\\vendor\\laravel\\framework\\src\\Illuminate\\Database\\Console\\Migrations\\MigrateCommand.php(63): Illuminate\\Database\\Console\\Migrations\\MigrateCommand->prepareDatabase()
#21 [internal function]: Illuminate\\Database\\Console\\Migrations\\MigrateCommand->handle()
#22 D:\\Freelancer\\LAravel Ionic Fish\\LaravelWebsite&AdminCode\\website_adminpanel\\vendor\\laravel\\framework\\src\\Illuminate\\Container\\BoundMethod.php(32): call_user_func_array(Array, Array)
#23 D:\\Freelancer\\LAravel Ionic Fish\\LaravelWebsite&AdminCode\\website_adminpanel\\vendor\\laravel\\framework\\src\\Illuminate\\Container\\BoundMethod.php(90): Illuminate\\Container\\BoundMethod::Illuminate\\Container\\{closure}()
#24 D:\\Freelancer\\LAravel Ionic Fish\\LaravelWebsite&AdminCode\\website_adminpanel\\vendor\\laravel\\framework\\src\\Illuminate\\Container\\BoundMethod.php(34): Illuminate\\Container\\BoundMethod::callBoundMethod(Object(Illuminate\\Foundation\\Application), Array, Object(Closure))
#25 D:\\Freelancer\\LAravel Ionic Fish\\LaravelWebsite&AdminCode\\website_adminpanel\\vendor\\laravel\\framework\\src\\Illuminate\\Container\\Container.php(591): Illuminate\\Container\\BoundMethod::call(Object(Illuminate\\Foundation\\Application), Array, Array, NULL)
#26 D:\\Freelancer\\LAravel Ionic Fish\\LaravelWebsite&AdminCode\\website_adminpanel\\vendor\\laravel\\framework\\src\\Illuminate\\Console\\Command.php(192): Illuminate\\Container\\Container->call(Array)
#27 D:\\Freelancer\\LAravel Ionic Fish\\LaravelWebsite&AdminCode\\website_adminpanel\\vendor\\symfony\\console\\Command\\Command.php(255): Illuminate\\Console\\Command->execute(Object(Symfony\\Component\\Console\\Input\\ArgvInput), Object(Illuminate\\Console\\OutputStyle))
#28 D:\\Freelancer\\LAravel Ionic Fish\\LaravelWebsite&AdminCode\\website_adminpanel\\vendor\\laravel\\framework\\src\\Illuminate\\Console\\Command.php(179): Symfony\\Component\\Console\\Command\\Command->run(Object(Symfony\\Component\\Console\\Input\\ArgvInput), Object(Illuminate\\Console\\OutputStyle))
#29 D:\\Freelancer\\LAravel Ionic Fish\\LaravelWebsite&AdminCode\\website_adminpanel\\vendor\\symfony\\console\\Application.php(1000): Illuminate\\Console\\Command->run(Object(Symfony\\Component\\Console\\Input\\ArgvInput), Object(Symfony\\Component\\Console\\Output\\ConsoleOutput))
#30 D:\\Freelancer\\LAravel Ionic Fish\\LaravelWebsite&AdminCode\\website_adminpanel\\vendor\\symfony\\console\\Application.php(271): Symfony\\Component\\Console\\Application->doRunCommand(Object(Illuminate\\Database\\Console\\Migrations\\MigrateCommand), Object(Symfony\\Component\\Console\\Input\\ArgvInput), Object(Symfony\\Component\\Console\\Output\\ConsoleOutput))
#31 D:\\Freelancer\\LAravel Ionic Fish\\LaravelWebsite&AdminCode\\website_adminpanel\\vendor\\symfony\\console\\Application.php(147): Symfony\\Component\\Console\\Application->doRun(Object(Symfony\\Component\\Console\\Input\\ArgvInput), Object(Symfony\\Component\\Console\\Output\\ConsoleOutput))
#32 D:\\Freelancer\\LAravel Ionic Fish\\LaravelWebsite&AdminCode\\website_adminpanel\\vendor\\laravel\\framework\\src\\Illuminate\\Console\\Application.php(90): Symfony\\Component\\Console\\Application->run(Object(Symfony\\Component\\Console\\Input\\ArgvInput), Object(Symfony\\Component\\Console\\Output\\ConsoleOutput))
#33 D:\\Freelancer\\LAravel Ionic Fish\\LaravelWebsite&AdminCode\\website_adminpanel\\vendor\\laravel\\framework\\src\\Illuminate\\Foundation\\Console\\Kernel.php(131): Illuminate\\Console\\Application->run(Object(Symfony\\Component\\Console\\Input\\ArgvInput), Object(Symfony\\Component\\Console\\Output\\ConsoleOutput))
#34 D:\\Freelancer\\LAravel Ionic Fish\\LaravelWebsite&AdminCode\\website_adminpanel\\artisan(37): Illuminate\\Foundation\\Console\\Kernel->handle(Object(Symfony\\Component\\Console\\Input\\ArgvInput), Object(Symfony\\Component\\Console\\Output\\ConsoleOutput))
#35 {main}

[previous exception] [object] (PDOException(code: 3D000): SQLSTATE[3D000]: Invalid catalog name: 1046 No database selected at D:\\Freelancer\\LAravel Ionic Fish\\LaravelWebsite&AdminCode\\website_adminpanel\\vendor\\doctrine\\dbal\\lib\\Doctrine\\DBAL\\Driver\\PDOConnection.php:64)
[stacktrace]
#0 D:\\Freelancer\\LAravel Ionic Fish\\LaravelWebsite&AdminCode\\website_adminpanel\\vendor\\doctrine\\dbal\\lib\\Doctrine\\DBAL\\Driver\\PDOConnection.php(64): PDO->prepare('create table `m...', Array)
#1 D:\\Freelancer\\LAravel Ionic Fish\\LaravelWebsite&AdminCode\\website_adminpanel\\vendor\\laravel\\framework\\src\\Illuminate\\Database\\Connection.php(453): Doctrine\\DBAL\\Driver\\PDOConnection->prepare('create table `m...')
#2 D:\\Freelancer\\LAravel Ionic Fish\\LaravelWebsite&AdminCode\\website_adminpanel\\vendor\\laravel\\framework\\src\\Illuminate\\Database\\Connection.php(658): Illuminate\\Database\\Connection->Illuminate\\Database\\{closure}('create table `m...', Array)
#3 D:\\Freelancer\\LAravel Ionic Fish\\LaravelWebsite&AdminCode\\website_adminpanel\\vendor\\laravel\\framework\\src\\Illuminate\\Database\\Connection.php(625): Illuminate\\Database\\Connection->runQueryCallback('create table `m...', Array, Object(Closure))
#4 D:\\Freelancer\\LAravel Ionic Fish\\LaravelWebsite&AdminCode\\website_adminpanel\\vendor\\laravel\\framework\\src\\Illuminate\\Database\\Connection.php(460): Illuminate\\Database\\Connection->run('create table `m...', Array, Object(Closure))
#5 D:\\Freelancer\\LAravel Ionic Fish\\LaravelWebsite&AdminCode\\website_adminpanel\\vendor\\laravel\\framework\\src\\Illuminate\\Database\\Schema\\Blueprint.php(97): Illuminate\\Database\\Connection->statement('create table `m...')
#6 D:\\Freelancer\\LAravel Ionic Fish\\LaravelWebsite&AdminCode\\website_adminpanel\\vendor\\laravel\\framework\\src\\Illuminate\\Database\\Schema\\Builder.php(290): Illuminate\\Database\\Schema\\Blueprint->build(Object(Illuminate\\Database\\MySqlConnection), Object(Illuminate\\Database\\Schema\\Grammars\\MySqlGrammar))
#7 D:\\Freelancer\\LAravel Ionic Fish\\LaravelWebsite&AdminCode\\website_adminpanel\\vendor\\laravel\\framework\\src\\Illuminate\\Database\\Schema\\Builder.php(167): Illuminate\\Database\\Schema\\Builder->build(Object(Illuminate\\Database\\Schema\\Blueprint))
#8 D:\\Freelancer\\LAravel Ionic Fish\\LaravelWebsite&AdminCode\\website_adminpanel\\vendor\\laravel\\framework\\src\\Illuminate\\Database\\Migrations\\DatabaseMigrationRepository.php(157): Illuminate\\Database\\Schema\\Builder->create('migrations', Object(Closure))
#9 D:\\Freelancer\\LAravel Ionic Fish\\LaravelWebsite&AdminCode\\website_adminpanel\\vendor\\laravel\\framework\\src\\Illuminate\\Database\\Console\\Migrations\\InstallCommand.php(54): Illuminate\\Database\\Migrations\\DatabaseMigrationRepository->createRepository()
#10 [internal function]: Illuminate\\Database\\Console\\Migrations\\InstallCommand->handle()
#11 D:\\Freelancer\\LAravel Ionic Fish\\LaravelWebsite&AdminCode\\website_adminpanel\\vendor\\laravel\\framework\\src\\Illuminate\\Container\\BoundMethod.php(32): call_user_func_array(Array, Array)
#12 D:\\Freelancer\\LAravel Ionic Fish\\LaravelWebsite&AdminCode\\website_adminpanel\\vendor\\laravel\\framework\\src\\Illuminate\\Container\\BoundMethod.php(90): Illuminate\\Container\\BoundMethod::Illuminate\\Container\\{closure}()
#13 D:\\Freelancer\\LAravel Ionic Fish\\LaravelWebsite&AdminCode\\website_adminpanel\\vendor\\laravel\\framework\\src\\Illuminate\\Container\\BoundMethod.php(34): Illuminate\\Container\\BoundMethod::callBoundMethod(Object(Illuminate\\Foundation\\Application), Array, Object(Closure))
#14 D:\\Freelancer\\LAravel Ionic Fish\\LaravelWebsite&AdminCode\\website_adminpanel\\vendor\\laravel\\framework\\src\\Illuminate\\Container\\Container.php(591): Illuminate\\Container\\BoundMethod::call(Object(Illuminate\\Foundation\\Application), Array, Array, NULL)
#15 D:\\Freelancer\\LAravel Ionic Fish\\LaravelWebsite&AdminCode\\website_adminpanel\\vendor\\laravel\\framework\\src\\Illuminate\\Console\\Command.php(192): Illuminate\\Container\\Container->call(Array)
#16 D:\\Freelancer\\LAravel Ionic Fish\\LaravelWebsite&AdminCode\\website_adminpanel\\vendor\\symfony\\console\\Command\\Command.php(255): Illuminate\\Console\\Command->execute(Object(Symfony\\Component\\Console\\Input\\ArrayInput), Object(Illuminate\\Console\\OutputStyle))
#17 D:\\Freelancer\\LAravel Ionic Fish\\LaravelWebsite&AdminCode\\website_adminpanel\\vendor\\laravel\\framework\\src\\Illuminate\\Console\\Command.php(179): Symfony\\Component\\Console\\Command\\Command->run(Object(Symfony\\Component\\Console\\Input\\ArrayInput), Object(Illuminate\\Console\\OutputStyle))
#18 D:\\Freelancer\\LAravel Ionic Fish\\LaravelWebsite&AdminCode\\website_adminpanel\\vendor\\laravel\\framework\\src\\Illuminate\\Console\\Command.php(232): Illuminate\\Console\\Command->run(Object(Symfony\\Component\\Console\\Input\\ArrayInput), Object(Illuminate\\Console\\OutputStyle))
#19 D:\\Freelancer\\LAravel Ionic Fish\\LaravelWebsite&AdminCode\\website_adminpanel\\vendor\\laravel\\framework\\src\\Illuminate\\Console\\Command.php(204): Illuminate\\Console\\Command->runCommand('migrate:install', Array, Object(Illuminate\\Console\\OutputStyle))
#20 D:\\Freelancer\\LAravel Ionic Fish\\LaravelWebsite&AdminCode\\website_adminpanel\\vendor\\laravel\\framework\\src\\Illuminate\\Database\\Console\\Migrations\\MigrateCommand.php(93): Illuminate\\Console\\Command->call('migrate:install', Array)
#21 D:\\Freelancer\\LAravel Ionic Fish\\LaravelWebsite&AdminCode\\website_adminpanel\\vendor\\laravel\\framework\\src\\Illuminate\\Database\\Console\\Migrations\\MigrateCommand.php(63): Illuminate\\Database\\Console\\Migrations\\MigrateCommand->prepareDatabase()
#22 [internal function]: Illuminate\\Database\\Console\\Migrations\\MigrateCommand->handle()
#23 D:\\Freelancer\\LAravel Ionic Fish\\LaravelWebsite&AdminCode\\website_adminpanel\\vendor\\laravel\\framework\\src\\Illuminate\\Container\\BoundMethod.php(32): call_user_func_array(Array, Array)
#24 D:\\Freelancer\\LAravel Ionic Fish\\LaravelWebsite&AdminCode\\website_adminpanel\\vendor\\laravel\\framework\\src\\Illuminate\\Container\\BoundMethod.php(90): Illuminate\\Container\\BoundMethod::Illuminate\\Container\\{closure}()
#25 D:\\Freelancer\\LAravel Ionic Fish\\LaravelWebsite&AdminCode\\website_adminpanel\\vendor\\laravel\\framework\\src\\Illuminate\\Container\\BoundMethod.php(34): Illuminate\\Container\\BoundMethod::callBoundMethod(Object(Illuminate\\Foundation\\Application), Array, Object(Closure))
#26 D:\\Freelancer\\LAravel Ionic Fish\\LaravelWebsite&AdminCode\\website_adminpanel\\vendor\\laravel\\framework\\src\\Illuminate\\Container\\Container.php(591): Illuminate\\Container\\BoundMethod::call(Object(Illuminate\\Foundation\\Application), Array, Array, NULL)
#27 D:\\Freelancer\\LAravel Ionic Fish\\LaravelWebsite&AdminCode\\website_adminpanel\\vendor\\laravel\\framework\\src\\Illuminate\\Console\\Command.php(192): Illuminate\\Container\\Container->call(Array)
#28 D:\\Freelancer\\LAravel Ionic Fish\\LaravelWebsite&AdminCode\\website_adminpanel\\vendor\\symfony\\console\\Command\\Command.php(255): Illuminate\\Console\\Command->execute(Object(Symfony\\Component\\Console\\Input\\ArgvInput), Object(Illuminate\\Console\\OutputStyle))
#29 D:\\Freelancer\\LAravel Ionic Fish\\LaravelWebsite&AdminCode\\website_adminpanel\\vendor\\laravel\\framework\\src\\Illuminate\\Console\\Command.php(179): Symfony\\Component\\Console\\Command\\Command->run(Object(Symfony\\Component\\Console\\Input\\ArgvInput), Object(Illuminate\\Console\\OutputStyle))
#30 D:\\Freelancer\\LAravel Ionic Fish\\LaravelWebsite&AdminCode\\website_adminpanel\\vendor\\symfony\\console\\Application.php(1000): Illuminate\\Console\\Command->run(Object(Symfony\\Component\\Console\\Input\\ArgvInput), Object(Symfony\\Component\\Console\\Output\\ConsoleOutput))
#31 D:\\Freelancer\\LAravel Ionic Fish\\LaravelWebsite&AdminCode\\website_adminpanel\\vendor\\symfony\\console\\Application.php(271): Symfony\\Component\\Console\\Application->doRunCommand(Object(Illuminate\\Database\\Console\\Migrations\\MigrateCommand), Object(Symfony\\Component\\Console\\Input\\ArgvInput), Object(Symfony\\Component\\Console\\Output\\ConsoleOutput))
#32 D:\\Freelancer\\LAravel Ionic Fish\\LaravelWebsite&AdminCode\\website_adminpanel\\vendor\\symfony\\console\\Application.php(147): Symfony\\Component\\Console\\Application->doRun(Object(Symfony\\Component\\Console\\Input\\ArgvInput), Object(Symfony\\Component\\Console\\Output\\ConsoleOutput))
#33 D:\\Freelancer\\LAravel Ionic Fish\\LaravelWebsite&AdminCode\\website_adminpanel\\vendor\\laravel\\framework\\src\\Illuminate\\Console\\Application.php(90): Symfony\\Component\\Console\\Application->run(Object(Symfony\\Component\\Console\\Input\\ArgvInput), Object(Symfony\\Component\\Console\\Output\\ConsoleOutput))
#34 D:\\Freelancer\\LAravel Ionic Fish\\LaravelWebsite&AdminCode\\website_adminpanel\\vendor\\laravel\\framework\\src\\Illuminate\\Foundation\\Console\\Kernel.php(131): Illuminate\\Console\\Application->run(Object(Symfony\\Component\\Console\\Input\\ArgvInput), Object(Symfony\\Component\\Console\\Output\\ConsoleOutput))
#35 D:\\Freelancer\\LAravel Ionic Fish\\LaravelWebsite&AdminCode\\website_adminpanel\\artisan(37): Illuminate\\Foundation\\Console\\Kernel->handle(Object(Symfony\\Component\\Console\\Input\\ArgvInput), Object(Symfony\\Component\\Console\\Output\\ConsoleOutput))
#36 {main}
"} 
